{
  "RSpec": {
    "coverage": {
      "/Users/murakamifuuta/Desktop/MoneyManagement/my_api_app/config/environment.rb": {
        "lines": [
          null,
          1,
          null,
          null,
          1
        ]
      },
      "/Users/murakamifuuta/Desktop/MoneyManagement/my_api_app/config/application.rb": {
        "lines": [
          1,
          null,
          1,
          null,
          null,
          null,
          1,
          null,
          1,
          1,
          null,
          1,
          1,
          null,
          null,
          null,
          null,
          null,
          null,
          null,
          null,
          null,
          null,
          null,
          null,
          null,
          null,
          null,
          null,
          null,
          1,
          null,
          1,
          1,
          1,
          null,
          null,
          1,
          1,
          1,
          1,
          null,
          null,
          null,
          null,
          null,
          null,
          null
        ]
      },
      "/Users/murakamifuuta/Desktop/MoneyManagement/my_api_app/config/boot.rb": {
        "lines": [
          1,
          null,
          1,
          1
        ]
      },
      "/Users/murakamifuuta/Desktop/MoneyManagement/my_api_app/config/environments/test.rb": {
        "lines": [
          null,
          null,
          null,
          null,
          null,
          1,
          null,
          null,
          null,
          1,
          null,
          null,
          null,
          null,
          null,
          1,
          null,
          null,
          1,
          null,
          null,
          1,
          1,
          null,
          null,
          1,
          null,
          null,
          1,
          null,
          null,
          1,
          null,
          null,
          null,
          null,
          1,
          null,
          null,
          1,
          null,
          null,
          1,
          null,
          null,
          null,
          null,
          null,
          null,
          null,
          null,
          1,
          null
        ]
      },
      "/Users/murakamifuuta/Desktop/MoneyManagement/my_api_app/config/initializers/cors.rb": {
        "lines": [
          null,
          null,
          null,
          null,
          null,
          null,
          null,
          null,
          null,
          null,
          null,
          null,
          null,
          null,
          null,
          null,
          null,
          1,
          1,
          1,
          null,
          1,
          null,
          null,
          null,
          null,
          null
        ]
      },
      "/Users/murakamifuuta/Desktop/MoneyManagement/my_api_app/config/initializers/filter_parameter_logging.rb": {
        "lines": [
          null,
          null,
          null,
          null,
          null,
          1,
          null,
          null
        ]
      },
      "/Users/murakamifuuta/Desktop/MoneyManagement/my_api_app/config/initializers/inflections.rb": {
        "lines": [
          null,
          null,
          null,
          null,
          null,
          null,
          null,
          null,
          null,
          null,
          null,
          null,
          null,
          null,
          null,
          null
        ]
      },
      "/Users/murakamifuuta/Desktop/MoneyManagement/my_api_app/spec/factories/categories.rb": {
        "lines": [
          1,
          1,
          1,
          1,
          null,
          null
        ]
      },
      "/Users/murakamifuuta/Desktop/MoneyManagement/my_api_app/spec/factories/companies.rb": {
        "lines": [
          1,
          1,
          4,
          4,
          4,
          null,
          null
        ]
      },
      "/Users/murakamifuuta/Desktop/MoneyManagement/my_api_app/spec/factories/expenselogs.rb": {
        "lines": [
          1,
          1,
          1,
          1,
          1,
          null,
          null
        ]
      },
      "/Users/murakamifuuta/Desktop/MoneyManagement/my_api_app/spec/factories/user.rb": {
        "lines": [
          1,
          1,
          1,
          7,
          null,
          null
        ]
      },
      "/Users/murakamifuuta/Desktop/MoneyManagement/my_api_app/spec/support/requet_spec_helper.rb": {
        "lines": [
          1,
          1,
          8,
          null,
          null,
          null,
          1,
          1,
          null
        ]
      },
      "/Users/murakamifuuta/Desktop/MoneyManagement/my_api_app/spec/models/category_spec.rb": {
        "lines": [
          1,
          1,
          4,
          3,
          3,
          null,
          1,
          1,
          1,
          null,
          null,
          null,
          1,
          1,
          2,
          null,
          1,
          1,
          1,
          1,
          null,
          null,
          null,
          null,
          1,
          2,
          null,
          1,
          1,
          1,
          1,
          null,
          null,
          null,
          null,
          null,
          null
        ]
      },
      "/Users/murakamifuuta/Desktop/MoneyManagement/my_api_app/app/models/category.rb": {
        "lines": [
          1,
          1,
          null,
          1,
          1,
          null
        ]
      },
      "/Users/murakamifuuta/Desktop/MoneyManagement/my_api_app/app/models/application_record.rb": {
        "lines": [
          1,
          1,
          null
        ]
      },
      "/Users/murakamifuuta/Desktop/MoneyManagement/my_api_app/spec/models/company_spec.rb": {
        "lines": [
          1,
          7,
          7,
          null,
          1,
          5,
          4,
          4,
          4,
          null,
          1,
          1,
          1,
          null,
          null,
          null,
          1,
          1,
          2,
          1,
          1,
          1,
          1,
          null,
          null,
          null,
          null,
          1,
          2,
          1,
          1,
          1,
          1,
          null,
          null,
          null,
          null,
          1,
          2,
          1,
          1,
          1,
          1,
          null,
          null,
          null,
          null,
          1,
          2,
          1,
          1,
          1,
          1,
          null,
          null,
          null,
          null,
          null,
          null,
          1,
          1,
          1,
          null,
          null,
          null
        ]
      },
      "/Users/murakamifuuta/Desktop/MoneyManagement/my_api_app/app/models/company.rb": {
        "lines": [
          1,
          1,
          null,
          1,
          1,
          1,
          null,
          1,
          0,
          0,
          null,
          null,
          1,
          0,
          null,
          null
        ]
      },
      "/Users/murakamifuuta/Desktop/MoneyManagement/my_api_app/spec/models/expense_log_spec.rb": {
        "lines": [
          1,
          7,
          7,
          1,
          null,
          1,
          7,
          7,
          7,
          6,
          6,
          4,
          null,
          1,
          1,
          1,
          null,
          null,
          null,
          1,
          1,
          2,
          1,
          1,
          1,
          1,
          null,
          null,
          null,
          null,
          1,
          2,
          1,
          1,
          1,
          1,
          null,
          null,
          null,
          null,
          1,
          2,
          1,
          1,
          1,
          1,
          null,
          null,
          null,
          null,
          1,
          2,
          1,
          1,
          1,
          1,
          null,
          null,
          null,
          null,
          1,
          2,
          1,
          1,
          1,
          1,
          null,
          null,
          null,
          null,
          null,
          null
        ]
      },
      "/Users/murakamifuuta/Desktop/MoneyManagement/my_api_app/app/models/expense_log.rb": {
        "lines": [
          1,
          1,
          1,
          null,
          1,
          1,
          1,
          null,
          2,
          2,
          null,
          1,
          2,
          null,
          null,
          null,
          null,
          null
        ]
      },
      "/Users/murakamifuuta/Desktop/MoneyManagement/my_api_app/spec/models/stock_price_spec.rb": {
        "lines": [
          1,
          1,
          4,
          3,
          3,
          4,
          4,
          null,
          1,
          1,
          1,
          null,
          null,
          null,
          1,
          1,
          2,
          1,
          1,
          1,
          1,
          null,
          null,
          null,
          null,
          1,
          2,
          1,
          1,
          1,
          1,
          null,
          null,
          null,
          null,
          null,
          null
        ]
      },
      "/Users/murakamifuuta/Desktop/MoneyManagement/my_api_app/app/models/stock_price.rb": {
        "lines": [
          1,
          1,
          null,
          1,
          1,
          null,
          1,
          0,
          0,
          null,
          null,
          1,
          0,
          null,
          null
        ]
      },
      "/Users/murakamifuuta/Desktop/MoneyManagement/my_api_app/spec/models/user_spec.rb": {
        "lines": [
          1,
          1,
          4,
          3,
          4,
          null,
          1,
          1,
          1,
          null,
          null,
          null,
          1,
          1,
          2,
          1,
          1,
          1,
          1,
          null,
          null,
          null,
          null,
          1,
          2,
          null,
          1,
          1,
          1,
          1,
          null,
          null,
          null,
          null,
          null,
          null,
          1,
          2,
          2,
          2,
          2,
          2,
          1,
          1,
          null,
          null,
          null
        ]
      },
      "/Users/murakamifuuta/Desktop/MoneyManagement/my_api_app/app/models/user.rb": {
        "lines": [
          1,
          1,
          null,
          1,
          1,
          null
        ]
      },
      "/Users/murakamifuuta/Desktop/MoneyManagement/my_api_app/spec/requests/categories_spec.rb": {
        "lines": [
          1,
          1,
          2,
          2,
          1,
          1,
          1,
          1,
          null,
          1,
          1,
          null,
          2,
          3,
          null,
          1,
          1,
          null,
          null,
          null,
          null
        ]
      },
      "/Users/murakamifuuta/Desktop/MoneyManagement/my_api_app/spec/requests/expense_logs_spec.rb": {
        "lines": [
          1,
          null,
          1,
          9,
          8,
          2,
          null,
          9,
          null,
          1,
          1,
          2,
          2,
          2,
          1,
          1,
          1,
          1,
          1,
          3,
          3,
          null,
          null,
          null,
          null,
          null,
          1,
          1,
          1,
          1,
          1,
          1,
          null,
          null,
          null,
          null,
          null,
          null,
          null,
          null,
          null,
          1,
          1,
          null,
          null,
          null,
          null,
          null,
          null,
          null,
          null,
          null,
          null,
          1,
          1,
          1,
          1,
          1,
          null,
          null,
          null,
          null,
          null,
          null,
          null,
          null,
          null,
          1,
          null,
          1,
          null,
          null,
          null,
          null,
          null,
          1,
          null,
          null,
          null,
          null,
          null,
          1,
          4,
          1,
          1,
          1,
          null,
          null,
          null,
          null,
          null,
          null,
          null,
          1,
          1,
          1,
          1,
          1,
          1,
          1,
          null,
          null,
          null,
          null,
          1,
          1,
          1,
          null,
          null,
          null,
          null,
          null,
          null,
          null,
          1,
          1,
          1,
          1,
          1,
          1,
          null,
          null,
          null,
          null,
          1,
          1,
          1,
          null,
          null,
          null,
          null,
          null,
          null,
          null,
          1,
          null,
          null,
          null,
          null,
          1,
          3,
          1,
          1,
          1,
          1,
          1,
          null,
          null,
          1,
          1,
          null,
          null,
          null,
          null,
          1,
          1,
          1,
          1,
          1,
          null,
          1,
          null,
          null,
          null,
          null,
          null
        ]
      },
      "/Users/murakamifuuta/Desktop/MoneyManagement/my_api_app/spec/requests/sessions_spec.rb": {
        "lines": [
          1,
          null,
          1,
          4,
          null,
          1,
          1,
          1,
          1,
          1,
          null,
          null,
          null,
          1,
          1,
          1,
          1,
          null,
          null,
          null,
          null,
          1,
          1,
          1,
          1,
          1,
          null,
          null,
          null
        ]
      },
      "/Users/murakamifuuta/Desktop/MoneyManagement/my_api_app/config/routes.rb": {
        "lines": [
          1,
          1,
          null,
          1,
          1,
          1,
          1,
          1,
          null,
          1,
          1,
          1,
          1,
          null,
          null
        ]
      },
      "/Users/murakamifuuta/Desktop/MoneyManagement/my_api_app/app/controllers/categories_controller.rb": {
        "lines": [
          1,
          null,
          1,
          1,
          null,
          null
        ]
      },
      "/Users/murakamifuuta/Desktop/MoneyManagement/my_api_app/app/controllers/application_controller.rb": {
        "lines": [
          1,
          1,
          null,
          1,
          9,
          9,
          null,
          0,
          null,
          null,
          1,
          5,
          null,
          null
        ]
      },
      "/Users/murakamifuuta/Desktop/MoneyManagement/my_api_app/app/controllers/sessions_controller.rb": {
        "lines": [
          1,
          1,
          null,
          1,
          0,
          null,
          null,
          1,
          11,
          11,
          10,
          10,
          null,
          1,
          null,
          null,
          null,
          1,
          1,
          1,
          null,
          null
        ]
      },
      "/Users/murakamifuuta/Desktop/MoneyManagement/my_api_app/app/controllers/expense_logs_controller.rb": {
        "lines": [
          1,
          1,
          1,
          null,
          null,
          1,
          1,
          1,
          null,
          null,
          null,
          1,
          2,
          2,
          1,
          null,
          1,
          null,
          null,
          null,
          null,
          1,
          0,
          null,
          null,
          null,
          1,
          2,
          1,
          null,
          1,
          null,
          null,
          null,
          null,
          1,
          1,
          1,
          null,
          null,
          1,
          null,
          1,
          4,
          null,
          null,
          1,
          1,
          1,
          1,
          null,
          null
        ]
      }
    },
    "timestamp": 1751636392
  }
}
